This is pdfTeX, Version 3.14159265-2.6-1.40.17 (TeX Live 2016) (preloaded format=pdflatex 2016.5.22)  30 OCT 2017 19:00
entering extended mode
 restricted \write18 enabled.
 %&-line parsing enabled.
**logolas.tex
(./logolas.tex
LaTeX2e <2016/03/31>
Babel <3.9r> and hyphenation patterns for 83 language(s) loaded.
(/usr/local/texlive/2016/texmf-dist/tex/latex/base/article.cls
Document Class: article 2014/09/29 v1.4h Standard LaTeX document class
(/usr/local/texlive/2016/texmf-dist/tex/latex/base/size12.clo
File: size12.clo 2014/09/29 v1.4h Standard LaTeX file (size option)
)
\c@part=\count79
\c@section=\count80
\c@subsection=\count81
\c@subsubsection=\count82
\c@paragraph=\count83
\c@subparagraph=\count84
\c@figure=\count85
\c@table=\count86
\abovecaptionskip=\skip41
\belowcaptionskip=\skip42
\bibindent=\dimen102
)
(/usr/local/texlive/2016/texmf-dist/tex/latex/graphics/graphicx.sty
Package: graphicx 2014/10/28 v1.0g Enhanced LaTeX Graphics (DPC,SPQR)

(/usr/local/texlive/2016/texmf-dist/tex/latex/graphics/keyval.sty
Package: keyval 2014/10/28 v1.15 key=value parser (DPC)
\KV@toks@=\toks14
)
(/usr/local/texlive/2016/texmf-dist/tex/latex/graphics/graphics.sty
Package: graphics 2016/05/09 v1.0r Standard LaTeX Graphics (DPC,SPQR)

(/usr/local/texlive/2016/texmf-dist/tex/latex/graphics/trig.sty
Package: trig 2016/01/03 v1.10 sin cos tan (DPC)
)
(/usr/local/texlive/2016/texmf-dist/tex/latex/graphics-cfg/graphics.cfg
File: graphics.cfg 2016/01/02 v1.10 sample graphics configuration
)
Package graphics Info: Driver file: pdftex.def on input line 96.

(/usr/local/texlive/2016/texmf-dist/tex/latex/pdftex-def/pdftex.def
File: pdftex.def 2011/05/27 v0.06d Graphics/color for pdfTeX

(/usr/local/texlive/2016/texmf-dist/tex/generic/oberdiek/infwarerr.sty
Package: infwarerr 2016/05/16 v1.4 Providing info/warning/error messages (HO)
)
(/usr/local/texlive/2016/texmf-dist/tex/generic/oberdiek/ltxcmds.sty
Package: ltxcmds 2016/05/16 v1.23 LaTeX kernel commands for general use (HO)
)
\Gread@gobject=\count87
))
\Gin@req@height=\dimen103
\Gin@req@width=\dimen104
)
(/usr/local/texlive/2016/texmf-dist/tex/latex/graphics/color.sty
Package: color 2016/05/09 v1.1c Standard LaTeX Color (DPC)

(/usr/local/texlive/2016/texmf-dist/tex/latex/graphics-cfg/color.cfg
File: color.cfg 2016/01/02 v1.6 sample color configuration
)
Package color Info: Driver file: pdftex.def on input line 144.

(/usr/local/texlive/2016/texmf-dist/tex/latex/graphics/dvipsnam.def
File: dvipsnam.def 2015/12/30 v3.0k Driver-dependent file (DPC,SPQR)
))
(/usr/local/texlive/2016/texmf-dist/tex/latex/framed/framed.sty
Package: framed 2011/10/22 v 0.96: framed or shaded text with page breaks
\OuterFrameSep=\skip43
\fb@frw=\dimen105
\fb@frh=\dimen106
\FrameRule=\dimen107
\FrameSep=\dimen108
)
(/usr/local/texlive/2016/texmf-dist/tex/latex/base/alltt.sty
Package: alltt 1997/06/16 v2.0g defines alltt environment
)
(/usr/local/texlive/2016/texmf-dist/tex/latex/doublestroke/dsfont.sty
Package: dsfont 1995/08/01 v0.1 Double stroke roman fonts
)
(/usr/local/texlive/2016/texmf-dist/tex/latex/cite/cite.sty
LaTeX Info: Redefining \cite on input line 302.
LaTeX Info: Redefining \nocite on input line 332.
Package: cite 2015/02/27  v 5.5
)
(/Library/Frameworks/R.framework/Versions/3.3/Resources/library/BiocStyle/resou
rces/tex/Bioconductor.sty

LaTeX Warning: You have requested package `/Library/Frameworks/R.framework/Vers
ions/3.3/Resources/library/BiocStyle/resources/tex/Bioconductor',
               but the package provides `Bioconductor'.

Package: Bioconductor 2013/07/01 Bioconductor vignette style
(/usr/local/texlive/2016/texmf-dist/tex/latex/hyperref/hyperref.sty
Package: hyperref 2016/05/05 v6.83n Hypertext links for LaTeX

(/usr/local/texlive/2016/texmf-dist/tex/generic/oberdiek/hobsub-hyperref.sty
Package: hobsub-hyperref 2016/05/16 v1.14 Bundle oberdiek, subset hyperref (HO)


(/usr/local/texlive/2016/texmf-dist/tex/generic/oberdiek/hobsub-generic.sty
Package: hobsub-generic 2016/05/16 v1.14 Bundle oberdiek, subset generic (HO)
Package: hobsub 2016/05/16 v1.14 Construct package bundles (HO)
Package hobsub Info: Skipping package `infwarerr' (already loaded).
Package hobsub Info: Skipping package `ltxcmds' (already loaded).
Package: ifluatex 2016/05/16 v1.4 Provides the ifluatex switch (HO)
Package ifluatex Info: LuaTeX not detected.
Package: ifvtex 2016/05/16 v1.6 Detect VTeX and its facilities (HO)
Package ifvtex Info: VTeX not detected.
Package: intcalc 2016/05/16 v1.2 Expandable calculations with integers (HO)
Package: ifpdf 2016/05/14 v3.1 Provides the ifpdf switch
Package: etexcmds 2016/05/16 v1.6 Avoid name clashes with e-TeX commands (HO)
Package etexcmds Info: Could not find \expanded.
(etexcmds)             That can mean that you are not using pdfTeX 1.50 or
(etexcmds)             that some package has redefined \expanded.
(etexcmds)             In the latter case, load this package earlier.
Package: kvsetkeys 2016/05/16 v1.17 Key value parser (HO)
Package: kvdefinekeys 2016/05/16 v1.4 Define keys (HO)
Package: pdftexcmds 2016/05/10 v0.21 Utility functions of pdfTeX for LuaTeX (HO
)
Package pdftexcmds Info: LuaTeX not detected.
Package pdftexcmds Info: \pdf@primitive is available.
Package pdftexcmds Info: \pdf@ifprimitive is available.
Package pdftexcmds Info: \pdfdraftmode found.
Package: pdfescape 2016/05/16 v1.14 Implements pdfTeX's escape features (HO)
Package: bigintcalc 2016/05/16 v1.4 Expandable calculations on big integers (HO
)
Package: bitset 2016/05/16 v1.2 Handle bit-vector datatype (HO)
Package: uniquecounter 2016/05/16 v1.3 Provide unlimited unique counter (HO)
)
Package hobsub Info: Skipping package `hobsub' (already loaded).
Package: letltxmacro 2016/05/16 v1.5 Let assignment for LaTeX macros (HO)
Package: hopatch 2016/05/16 v1.3 Wrapper for package hooks (HO)
Package: xcolor-patch 2016/05/16 xcolor patch
Package: atveryend 2016/05/16 v1.9 Hooks at the very end of document (HO)
Package atveryend Info: \enddocument detected (standard20110627).
Package: atbegshi 2016/05/16 v1.17 At begin shipout hook (HO)
Package: refcount 2016/05/16 v3.5 Data extraction from label references (HO)
Package: hycolor 2016/05/16 v1.8 Color options for hyperref/bookmark (HO)
)
(/usr/local/texlive/2016/texmf-dist/tex/generic/ifxetex/ifxetex.sty
Package: ifxetex 2010/09/12 v0.6 Provides ifxetex conditional
)
(/usr/local/texlive/2016/texmf-dist/tex/latex/oberdiek/auxhook.sty
Package: auxhook 2016/05/16 v1.4 Hooks for auxiliary files (HO)
)
(/usr/local/texlive/2016/texmf-dist/tex/latex/oberdiek/kvoptions.sty
Package: kvoptions 2016/05/16 v3.12 Key value format for package options (HO)
)
\@linkdim=\dimen109
\Hy@linkcounter=\count88
\Hy@pagecounter=\count89

(/usr/local/texlive/2016/texmf-dist/tex/latex/hyperref/pd1enc.def
File: pd1enc.def 2016/05/05 v6.83n Hyperref: PDFDocEncoding definition (HO)
)
\Hy@SavedSpaceFactor=\count90

(/usr/local/texlive/2016/texmf-dist/tex/latex/latexconfig/hyperref.cfg
File: hyperref.cfg 2002/06/06 v1.2 hyperref configuration of TeXLive
)
Package hyperref Info: Option `pdfpagelabels' set `true' on input line 4322.
Package hyperref Info: Option `plainpages' set `false' on input line 4322.
Package hyperref Info: Option `bookmarks' set `true' on input line 4322.
Package hyperref Info: Option `bookmarksopen' set `true' on input line 4322.
Package hyperref Info: Option `bookmarksnumbered' set `true' on input line 4322
.
Package hyperref Info: Option `colorlinks' set `true' on input line 4322.
Package hyperref Info: Option `breaklinks' set `true' on input line 4322.
Package hyperref Info: Option `raiselinks' set `true' on input line 4322.
Package hyperref Info: Option `pdfusetitle' set `true' on input line 4322.
Package hyperref Info: Hyper figures OFF on input line 4446.
Package hyperref Info: Link nesting OFF on input line 4451.
Package hyperref Info: Hyper index ON on input line 4454.
Package hyperref Info: Plain pages OFF on input line 4461.
Package hyperref Info: Backreferencing OFF on input line 4466.
Package hyperref Info: Implicit mode ON; LaTeX internals redefined.
Package hyperref Info: Bookmarks ON on input line 4691.
\c@Hy@tempcnt=\count91

(/usr/local/texlive/2016/texmf-dist/tex/latex/url/url.sty
\Urlmuskip=\muskip10
Package: url 2013/09/16  ver 3.4  Verb mode for urls, etc.
)
LaTeX Info: Redefining \url on input line 5044.
\XeTeXLinkMargin=\dimen110
\Fld@menulength=\count92
\Field@Width=\dimen111
\Fld@charsize=\dimen112
Package hyperref Info: Hyper figures OFF on input line 6298.
Package hyperref Info: Link nesting OFF on input line 6303.
Package hyperref Info: Hyper index ON on input line 6306.
Package hyperref Info: backreferencing OFF on input line 6313.
Package hyperref Info: Link coloring ON on input line 6316.
Package hyperref Info: Link coloring with OCG OFF on input line 6323.
Package hyperref Info: PDF/A mode OFF on input line 6328.
LaTeX Info: Redefining \ref on input line 6368.
LaTeX Info: Redefining \pageref on input line 6372.
\Hy@abspage=\count93
\c@Item=\count94
\c@Hfootnote=\count95
)

Package hyperref Message: Driver: hpdftex.

(/usr/local/texlive/2016/texmf-dist/tex/latex/hyperref/hpdftex.def
File: hpdftex.def 2016/05/05 v6.83n Hyperref driver for pdfTeX
\Fld@listcount=\count96
\c@bookmark@seq@number=\count97

(/usr/local/texlive/2016/texmf-dist/tex/latex/oberdiek/rerunfilecheck.sty
Package: rerunfilecheck 2016/05/16 v1.8 Rerun checks for auxiliary files (HO)
Package uniquecounter Info: New unique counter `rerunfilecheck' on input line 2
82.
)
\Hy@SectionHShift=\skip44
)
(/usr/local/texlive/2016/texmf-dist/tex/latex/geometry/geometry.sty
Package: geometry 2010/09/12 v5.6 Page Geometry
\Gm@cnth=\count98
\Gm@cntv=\count99
\c@Gm@tempcnt=\count100
\Gm@bindingoffset=\dimen113
\Gm@wd@mp=\dimen114
\Gm@odd@mp=\dimen115
\Gm@even@mp=\dimen116
\Gm@layoutwidth=\dimen117
\Gm@layoutheight=\dimen118
\Gm@layouthoffset=\dimen119
\Gm@layoutvoffset=\dimen120
\Gm@dimlist=\toks15
)
(/usr/local/texlive/2016/texmf-dist/tex/latex/sectsty/sectsty.sty
Package: sectsty 2002/02/25 v2.0.2 Commands to change all sectional heading sty
les
)
(/usr/local/texlive/2016/texmf-dist/tex/latex/fancyhdr/fancyhdr.sty
\fancy@headwidth=\skip45
\f@ncyO@elh=\skip46
\f@ncyO@erh=\skip47
\f@ncyO@olh=\skip48
\f@ncyO@orh=\skip49
\f@ncyO@elf=\skip50
\f@ncyO@erf=\skip51
\f@ncyO@olf=\skip52
\f@ncyO@orf=\skip53
)

Package Fancyhdr Warning: \fancyhead's `E' option without twoside option is use
less on input line 51.


Package Fancyhdr Warning: \fancyhead's `E' option without twoside option is use
less on input line 52.

(/usr/local/texlive/2016/texmf-dist/tex/latex/enumitem/enumitem.sty
Package: enumitem 2011/09/28 v3.5.2 Customized lists
\labelindent=\skip54
\enit@outerparindent=\dimen121
\enit@toks=\toks16
\enit@inbox=\box26
\enitdp@description=\count101
)
(/usr/local/texlive/2016/texmf-dist/tex/latex/parskip/parskip.sty
Package: parskip 2001/04/09 non-zero parskip adjustments
))
(/usr/local/texlive/2016/texmf-dist/tex/latex/upquote/upquote.sty
Package: upquote 2012/04/19 v1.3 upright-quote and grave-accent glyphs in verba
tim
)
(./logolas.aux)
\openout1 = `logolas.aux'.

LaTeX Font Info:    Checking defaults for OML/cmm/m/it on input line 81.
LaTeX Font Info:    ... okay on input line 81.
LaTeX Font Info:    Checking defaults for T1/cmr/m/n on input line 81.
LaTeX Font Info:    ... okay on input line 81.
LaTeX Font Info:    Checking defaults for OT1/cmr/m/n on input line 81.
LaTeX Font Info:    ... okay on input line 81.
LaTeX Font Info:    Checking defaults for OMS/cmsy/m/n on input line 81.
LaTeX Font Info:    ... okay on input line 81.
LaTeX Font Info:    Checking defaults for OMX/cmex/m/n on input line 81.
LaTeX Font Info:    ... okay on input line 81.
LaTeX Font Info:    Checking defaults for U/cmr/m/n on input line 81.
LaTeX Font Info:    ... okay on input line 81.
LaTeX Font Info:    Checking defaults for PD1/pdf/m/n on input line 81.
LaTeX Font Info:    ... okay on input line 81.

(/usr/local/texlive/2016/texmf-dist/tex/context/base/mkii/supp-pdf.mkii
[Loading MPS to PDF converter (version 2006.09.02).]
\scratchcounter=\count102
\scratchdimen=\dimen122
\scratchbox=\box27
\nofMPsegments=\count103
\nofMParguments=\count104
\everyMPshowfont=\toks17
\MPscratchCnt=\count105
\MPscratchDim=\dimen123
\MPnumerator=\count106
\makeMPintoPDFobject=\count107
\everyMPtoPDFconversion=\toks18
) (/usr/local/texlive/2016/texmf-dist/tex/latex/oberdiek/epstopdf-base.sty
Package: epstopdf-base 2016/05/15 v2.6 Base part for package epstopdf

(/usr/local/texlive/2016/texmf-dist/tex/latex/oberdiek/grfext.sty
Package: grfext 2016/05/16 v1.2 Manage graphics extensions (HO)
)
Package grfext Info: Graphics extension search list:
(grfext)             [.png,.pdf,.jpg,.mps,.jpeg,.jbig2,.jb2,.PNG,.PDF,.JPG,.JPE
G,.JBIG2,.JB2,.eps]
(grfext)             \AppendGraphicsExtensions on input line 456.

(/usr/local/texlive/2016/texmf-dist/tex/latex/latexconfig/epstopdf-sys.cfg
File: epstopdf-sys.cfg 2010/07/13 v1.3 Configuration of (r)epstopdf for TeX Liv
e
))
\AtBeginShipoutBox=\box28
Package hyperref Info: Link coloring ON on input line 81.

(/usr/local/texlive/2016/texmf-dist/tex/latex/hyperref/nameref.sty
Package: nameref 2012/10/27 v2.43 Cross-referencing by name of section

(/usr/local/texlive/2016/texmf-dist/tex/generic/oberdiek/gettitlestring.sty
Package: gettitlestring 2016/05/16 v1.5 Cleanup title references (HO)
)
\c@section@level=\count108
)
LaTeX Info: Redefining \ref on input line 81.
LaTeX Info: Redefining \pageref on input line 81.
LaTeX Info: Redefining \nameref on input line 81.

(./logolas.out) (./logolas.out)
\@outlinefile=\write3
\openout3 = `logolas.out'.


*geometry* driver: auto-detecting
*geometry* detected driver: pdftex
*geometry* verbose mode - [ preamble ] result:
* driver: pdftex
* paper: <default>
* layout: <same size as paper>
* layoutoffset:(h,v)=(0.0pt,0.0pt)
* modes: 
* h-part:(L,W,R)=(56.9055pt, 500.484pt, 56.9055pt)
* v-part:(T,H,B)=(71.13188pt, 652.70622pt, 71.13188pt)
* \paperwidth=614.295pt
* \paperheight=794.96999pt
* \textwidth=500.484pt
* \textheight=652.70622pt
* \oddsidemargin=-15.36449pt
* \evensidemargin=-15.36449pt
* \topmargin=-38.1381pt
* \headheight=12.0pt
* \headsep=25.0pt
* \topskip=12.0pt
* \footskip=30.0pt
* \marginparwidth=44.0pt
* \marginparsep=10.0pt
* \columnsep=10.0pt
* \skip\footins=10.8pt plus 4.0pt minus 2.0pt
* \hoffset=0.0pt
* \voffset=0.0pt
* \mag=1000
* \@twocolumnfalse
* \@twosidefalse
* \@mparswitchfalse
* \@reversemarginfalse
* (1in=72.27pt=25.4mm, 1cm=28.453pt)


LaTeX Font Warning: Font shape `OT1/cmss/m/it' in size <20.74> not available
(Font)              Font shape `OT1/cmss/m/sl' tried instead on input line 84.

LaTeX Font Info:    External font `cmex10' loaded for size
(Font)              <14.4> on input line 84.
LaTeX Font Info:    External font `cmex10' loaded for size
(Font)              <7> on input line 84.
LaTeX Font Info:    External font `cmex10' loaded for size
(Font)              <10.95> on input line 84.
LaTeX Font Info:    External font `cmex10' loaded for size
(Font)              <8> on input line 84.
LaTeX Font Info:    External font `cmex10' loaded for size
(Font)              <6> on input line 84.

LaTeX Font Warning: Font shape `OT1/cmss/bx/it' undefined
(Font)              using `OT1/cmss/bx/n' instead on input line 91.

LaTeX Font Info:    External font `cmex10' loaded for size
(Font)              <5> on input line 91.

Package hyperref Warning: Token not allowed in a PDF string (PDFDocEncoding):
(hyperref)                removing `math shift' on input line 96.


Package hyperref Warning: Token not allowed in a PDF string (PDFDocEncoding):
(hyperref)                removing `superscript' on input line 96.


Package hyperref Warning: Token not allowed in a PDF string (PDFDocEncoding):
(hyperref)                removing `math shift' on input line 96.

[1

{/usr/local/texlive/2016/texmf-var/fonts/map/pdftex/updmap/pdftex.map}]
(./logolas.toc
LaTeX Font Info:    External font `cmex10' loaded for size
(Font)              <12> on input line 4.
)
\tf@toc=\write4
\openout4 = `logolas.toc'.



LaTeX Font Warning: Font shape `OT1/cmss/m/it' in size <12> not available
(Font)              Font shape `OT1/cmss/m/sl' tried instead on input line 102.


[2] [3]
Package color Info: Redefining color shadecolor on input line 124.
LaTeX Font Info:    Font shape `OT1/cmtt/bx/n' in size <12> not available
(Font)              Font shape `OT1/cmtt/m/n' tried instead on input line 126.
Package color Info: Redefining color shadecolor on input line 135.
Package color Info: Redefining color shadecolor on input line 145.
Package color Info: Redefining color shadecolor on input line 159.
Package color Info: Redefining color shadecolor on input line 171.
Package color Info: Redefining color shadecolor on input line 184.

Overfull \hbox (42.91628pt too wide) in paragraph at lines 186--186
[][]\OT1/cmtt/m/n/12 logomaker[][]([][]attr[][](p,[] []"pwm"[][]),[][]color_pro
file[] []= color_profile,[] []frame_width[] []=[] []1[][],[][]ic.scale[] []=[] 
[]TRUE[][])[][] 
 []

<figure/standard_logo-1.png, id=131, 867.24pt x 722.7pt>
File: figure/standard_logo-1.png Graphic file (type png)

<use figure/standard_logo-1.png>
Package pdftex.def Info: figure/standard_logo-1.png used on input line 189.
(pdftex.def)             Requested size: 433.61894pt x 361.3491pt.


LaTeX Warning: `h' float specifier changed to `ht'.

Package color Info: Redefining color shadecolor on input line 203.
[4]
Overfull \hbox (43.39435pt too wide) in paragraph at lines 205--205
[][]\OT1/cmtt/m/it/12 ######################      Setting up multiple panels   
     ########################[][] 
 []


Overfull \hbox (30.56627pt too wide) in paragraph at lines 215--215
[]                                      []\OT1/cmtt/m/n/12 widths[][]=[][]unit[
][]([][]rep[][]([][]5[][],layout.cols),[] []rep[][]([][]"null"[][],[] []2[][]))
,[][] 
 []


Overfull \hbox (42.91628pt too wide) in paragraph at lines 216--216
[]                                      []\OT1/cmtt/m/n/12 heights[][]=[][]unit
[][]([][]rep[][]([][]5[][],layout.rows),[] []rep[][]([][]"null"[][],[] []1[][])
)))[][] 
 []

LaTeX Font Info:    Try loading font information for OMS+cmtt on input line 219
.
(/Library/Frameworks/R.framework/Resources/share/texmf/tex/latex/omscmtt.fd
File: omscmtt.fd 
)
LaTeX Font Info:    Font shape `OMS/cmtt/m/n' in size <12> not available
(Font)              Font shape `OMS/cmsy/m/n' tried instead on input line 219.

Overfull \hbox (110.84131pt too wide) in paragraph at lines 221--221
[]    []\OT1/cmtt/m/n/12 plot_reg[[l]][] []<-[] []viewport[][]([][]layout.pos.c
ol[] []= j,[] []layout.pos.row[] []= i,[] []name[] []=[] []paste0[][]([][]"plot
logo"[][], l))[][] 
 []


Overfull \hbox (81.194pt too wide) in paragraph at lines 232--232
[][]\OT1/cmtt/m/it/12 ##########################   Creating the multi-panel log
os   ##############################[][] 
 []


Underfull \vbox (badness 10000) detected at line 273
 []


Overfull \vbox (0.64284pt too high) detected at line 273
 []

[5 <./figure/standard_logo-1.png>]
Underfull \vbox (badness 10000) detected at line 273
 []


Underfull \vbox (badness 10000) detected at line 273
 []

[6] <figure/diff_features-1.png, id=149, 867.24pt x 722.7pt>
File: figure/diff_features-1.png Graphic file (type png)

<use figure/diff_features-1.png>
Package pdftex.def Info: figure/diff_features-1.png used on input line 274.
(pdftex.def)             Requested size: 433.61894pt x 361.3491pt.
Package color Info: Redefining color shadecolor on input line 290.

Overfull \hbox (30.56627pt too wide) in paragraph at lines 296--296
[]                                      []\OT1/cmtt/m/n/12 widths[][]=[][]unit[
][]([][]rep[][]([][]6[][],layout.cols),[] []rep[][]([][]"null"[][],[] []2[][]))
,[][] 
 []


Overfull \hbox (110.84131pt too wide) in paragraph at lines 303--303
[]    []\OT1/cmtt/m/n/12 plot_reg[[l]][] []<-[] []viewport[][]([][]layout.pos.c
ol[] []= j,[] []layout.pos.row[] []= i,[] []name[] []=[] []paste0[][]([][]"plot
logo"[][], l))[][] 
 []

[7 <./figure/diff_features-1.png>]
<figure/entropy-1.png, id=160, 1156.32pt x 867.24pt>
File: figure/entropy-1.png Graphic file (type png)

<use figure/entropy-1.png>
Package pdftex.def Info: figure/entropy-1.png used on input line 328.
(pdftex.def)             Requested size: 433.61894pt x 361.35353pt.
 [8]
Package color Info: Redefining color shadecolor on input line 338.

Overfull \hbox (92.3163pt too wide) in paragraph at lines 349--349
[]                                      []\OT1/cmtt/m/n/12 widths[][]=[][]unit[
][]([][]rep[][]([][]6[][],layout.cols),[] []rep[][]([][]"null"[][], layout.cols
)),[][] 
 []


Overfull \hbox (110.84131pt too wide) in paragraph at lines 356--356
[]    []\OT1/cmtt/m/n/12 plot_reg[[l]][] []<-[] []viewport[][]([][]layout.pos.c
ol[] []= j,[] []layout.pos.row[] []= i,[] []name[] []=[] []paste0[][]([][]"plot
logo"[][], l))[][] 
 []

[9 <./figure/entropy-1.png>]
<figure/ggplot2-1.png, id=171, 867.24pt x 722.7pt>
File: figure/ggplot2-1.png Graphic file (type png)
 <use figure/ggplot2-1.png>
Package pdftex.def Info: figure/ggplot2-1.png used on input line 379.
(pdftex.def)             Requested size: 433.61894pt x 361.3491pt.

[10]
Package color Info: Redefining color shadecolor on input line 397.
 [11 <./figure/ggplot2-1.png>]
Overfull \hbox (92.3163pt too wide) in paragraph at lines 408--408
[]                                      []\OT1/cmtt/m/n/12 widths[][]=[][]unit[
][]([][]rep[][]([][]6[][],layout.cols),[] []rep[][]([][]"null"[][], layout.cols
)),[][] 
 []


Overfull \hbox (110.84131pt too wide) in paragraph at lines 415--415
[]    []\OT1/cmtt/m/n/12 plot_reg[[l]][] []<-[] []viewport[][]([][]layout.pos.c
ol[] []= j,[] []layout.pos.row[] []= i,[] []name[] []=[] []paste0[][]([][]"plot
logo"[][], l))[][] 
 []


Overfull \hbox (252.86638pt too wide) in paragraph at lines 430--430
[][]\OT1/cmtt/m/n/12 logomaker[][](pwm,[][]color_profile[][]=color_profile,[][]
frame_width[] []=[] []1[][],[][]pop_name[] []=[] []^^MLogo^^M[][],[][]control[]
 []=[] []list[][]([][]gap_ylab[][]=[][]3.5[][]),[] []newpage[] []=[] []FALSE[][
])[][] 
 []


Overfull \hbox (302.2664pt too wide) in paragraph at lines 433--433
[][]\OT1/cmtt/m/n/12 nlogomaker[][](pwm,[][]logoheight[] []=[] []^^Mlog^^M[][],
[][]color_profile[] []= color_profile,[][]pop_name[] []=[] []^^MEDLogo^^M[][],[
][]control[] []=[] []list[][]([][]gap_ylab[][]=[][]3.5[][]),[] []newpage[] []=[
] []FALSE[][])[][] 
 []

<figure/edlogo-1.png, id=181, 867.24pt x 722.7pt>
File: figure/edlogo-1.png Graphic file (type png)
 <use figure/edlogo-1.png>
Package pdftex.def Info: figure/edlogo-1.png used on input line 436.
(pdftex.def)             Requested size: 433.61894pt x 361.3491pt.

[12]
Package color Info: Redefining color shadecolor on input line 447.

Overfull \hbox (30.56627pt too wide) in paragraph at lines 457--457
[]                                      []\OT1/cmtt/m/n/12 widths[][]=[][]unit[
][]([][]rep[][]([][]5[][],layout.cols),[] []rep[][]([][]"null"[][],[] []2[][]))
,[][] 
 []


Overfull \hbox (42.91628pt too wide) in paragraph at lines 458--458
[]                                      []\OT1/cmtt/m/n/12 heights[][]=[][]unit
[][]([][]rep[][]([][]5[][],layout.rows),[] []rep[][]([][]"null"[][],[] []1[][])
)))[][] 
 []


Overfull \hbox (110.84131pt too wide) in paragraph at lines 463--463
[]    []\OT1/cmtt/m/n/12 plot_reg[[l]][] []<-[] []viewport[][]([][]layout.pos.c
ol[] []= j,[] []layout.pos.row[] []= i,[] []name[] []=[] []paste0[][]([][]"plot
logo"[][], l))[][] 
 []


Overfull \hbox (277.56639pt too wide) in paragraph at lines 473--473
[][]\OT1/cmtt/m/n/12 nlogomaker[][]([][]attr[][](p,[] []"pwm"[][]),[][]logoheig
ht[] []=[] []^^Mlog^^M[][],[][]color_profile[] []= color_profile,[][]frame_widt
h[] []=[] []1[][],[] []pop_name[] []=[] []"log"[][],[] []newpage[] []=[] []FALS
E[][])[][] 
 []


Overfull \hbox (339.31642pt too wide) in paragraph at lines 477--477
[][]\OT1/cmtt/m/n/12 nlogomaker[][]([][]attr[][](p,[] []"pwm"[][]),[][]logoheig
ht[] []=[] []^^Mlog_odds^^M[][],[][]color_profile[] []= color_profile,[][]frame
_width[] []=[] []1[][],[] []pop_name[] []=[] []"log_odds"[][],[] []newpage[] []
=[] []FALSE[][])[][] 
 []


Overfull \hbox (302.2664pt too wide) in paragraph at lines 480--480
[][]\OT1/cmtt/m/n/12 nlogomaker[][]([][]attr[][](p,[] []"pwm"[][]),[][]logoheig
ht[] []=[] []^^Mratio^^M[][],[][]color_profile[] []= color_profile,[][]frame_wi
dth[] []=[] []1[][],[] []pop_name[] []=[] []"ratio"[][],[] []newpage[] []=[] []
FALSE[][])[][] 
 []

[13 <./figure/edlogo-1.png>]
<figure/edlogo_opts-1.png, id=192, 867.24pt x 722.7pt>
File: figure/edlogo_opts-1.png Graphic file (type png)

<use figure/edlogo_opts-1.png>
Package pdftex.def Info: figure/edlogo_opts-1.png used on input line 483.
(pdftex.def)             Requested size: 433.61894pt x 361.3491pt.
 [14]
Package color Info: Redefining color shadecolor on input line 499.
 [15 <./figure/edlogo_opts-1.png>]
Package color Info: Redefining color shadecolor on input line 519.

Overfull \hbox (5.86626pt too wide) in paragraph at lines 527--527
[][]\OT1/cmtt/m/n/12 cols1[] []<-[] []c[][]([][]rev[][](RColorBrewer[][]::[][]b
rewer.pal[][]([][]12[][],[] []"Paired"[][]))[[][]c[][]([][]3[][],[][]4[][],[][]
7[][],[][]8[][],[][]11[][],[][]12[][],[][]5[][],[][]6[][],[][]9[][],[][]10[][])
],[][] 
 []

<figure/logolas_use_5-1.png, id=202, 867.24pt x 722.7pt>
File: figure/logolas_use_5-1.png Graphic file (type png)

<use figure/logolas_use_5-1.png>
Package pdftex.def Info: figure/logolas_use_5-1.png used on input line 542.
(pdftex.def)             Requested size: 433.61894pt x 361.3491pt.
 [16] [17 <./figure/logolas_use_5-1.png>]
Package color Info: Redefining color shadecolor on input line 557.
Package color Info: Redefining color shadecolor on input line 583.

Overfull \hbox (36.74127pt too wide) in paragraph at lines 586--586
[]                      []\OT1/cmtt/m/n/12 "col"[] []= RColorBrewer[][]::[][]br
ewer.pal[][]([][]dim[][](table)[[][]1[][]],[][]name[] []=[][]"Spectral"[][]))[]
[] 
 []

<figure/logolas_use_7_0-1.png, id=212, 867.24pt x 722.7pt>
File: figure/logolas_use_7_0-1.png Graphic file (type png)

<use figure/logolas_use_7_0-1.png>
Package pdftex.def Info: figure/logolas_use_7_0-1.png used on input line 597.
(pdftex.def)             Requested size: 433.61894pt x 361.3491pt.
Package color Info: Redefining color shadecolor on input line 610.

Overfull \hbox (36.74127pt too wide) in paragraph at lines 612--612
[][]\OT1/cmtt/m/n/12 cols[] []=[] []RColorBrewer[][]::[][]brewer.pal.info[RColo
rBrewer[][]::[][]brewer.pal.info[][]$[][]category[] []==[] []^^Mqual^^M[][],][]
[] 
 []


Overfull \hbox (24.39127pt too wide) in paragraph at lines 613--613
[][]\OT1/cmtt/m/n/12 col_vector[] []=[] []unlist[][]([][]mapply[][](RColorBrewe
r[][]::[][]brewer.pal, cols[][]$[][]maxcolors,[] []rownames[][](cols)))[][] 
 []


Overfull \hbox (55.26628pt too wide) in paragraph at lines 615--615
[][]\OT1/cmtt/m/n/12 total_chars[] []=[] []c[][]([][]"A"[][],[] []"B"[][],[] []
"C"[][],[] []"D"[][],[] []"E"[][],[] []"F"[][],[] []"G"[][],[] []"H"[][],[] []"
I"[][],[] []"J"[][],[] []"K"[][],[] []"L"[][],[] []"M"[][],[] []"N"[][],[] []"O
"[][],[][] 
 []


Overfull \hbox (42.91628pt too wide) in paragraph at lines 616--616
[]            []\OT1/cmtt/m/n/12 "P"[][],[] []"Q"[][],[] []"R"[][],[] []"S"[][]
,[] []"T"[][],[] []"U"[][],[] []"V"[][],[] []"W"[][],[] []"X"[][],[] []"Y"[][],
[] []"Z"[][],[] []"zero"[][],[] []"one"[][],[] []"two"[][],[][] 
 []


Overfull \hbox (24.39127pt too wide) in paragraph at lines 617--617
[]            []\OT1/cmtt/m/n/12 "three"[][],[] []"four"[][],[] []"five"[][],[]
 []"six"[][],[] []"seven"[][],[] []"eight"[][],[] []"nine"[][],[] []"dot"[][],[
] []"comma"[][],[][] 
 []


Overfull \hbox (24.39127pt too wide) in paragraph at lines 622--622
[]                      []\OT1/cmtt/m/n/12 "col"[] []=[] []sample[][](col_vecto
r,[] []length[][](total_chars),[] []replace[][]=[][]FALSE[][]))[][] 
 []

<figure/logolas_use_7-1.png, id=213, 867.24pt x 722.7pt>
File: figure/logolas_use_7-1.png Graphic file (type png)

<use figure/logolas_use_7-1.png>
Package pdftex.def Info: figure/logolas_use_7-1.png used on input line 634.
(pdftex.def)             Requested size: 433.61894pt x 361.3491pt.


LaTeX Warning: Float too large for page by 2.14285pt on input line 638.

[18] [19 <./figure/logolas_use_7_0-1.png>] [20 <./figure/logolas_use_7-1.png>]
Package color Info: Redefining color shadecolor on input line 651.
Package color Info: Redefining color shadecolor on input line 672.

Overfull \hbox (18.21626pt too wide) in paragraph at lines 675--675
[]                      []\OT1/cmtt/m/n/12 "col"[] []=[] []sample[][](RColorBre
wer[][]::[][]brewer.pal[][]([][]10[][],[][]name[] []=[] []"Spectral"[][]),[][] 

 []

<figure/histone_logolas-1.png, id=229, 939.51pt x 578.16pt>
File: figure/histone_logolas-1.png Graphic file (type png)

<use figure/histone_logolas-1.png>
Package pdftex.def Info: figure/histone_logolas-1.png used on input line 690.
(pdftex.def)             Requested size: 469.75385pt x 289.07928pt.


LaTeX Warning: `h' float specifier changed to `ht'.

[21

]
Package color Info: Redefining color shadecolor on input line 703.

Overfull \hbox (18.21626pt too wide) in paragraph at lines 706--706
[]                      []\OT1/cmtt/m/n/12 "col"[] []=[] []sample[][](RColorBre
wer[][]::[][]brewer.pal[][]([][]10[][],[][]name[] []=[] []"Spectral"[][]),[][] 

 []

<figure/histone_nlogolas-1.png, id=234, 939.51pt x 578.16pt>
File: figure/histone_nlogolas-1.png Graphic file (type png)

<use figure/histone_nlogolas-1.png>
Package pdftex.def Info: figure/histone_nlogolas-1.png used on input line 719.
(pdftex.def)             Requested size: 469.75385pt x 289.07928pt.


LaTeX Warning: `h' float specifier changed to `ht'.

[22 <./figure/histone_logolas-1.png>]
Package color Info: Redefining color shadecolor on input line 736.
 [23 <./figure/histone_nlogolas-1.png>]
Package color Info: Redefining color shadecolor on input line 768.

<figure/new_symbol-1.png, id=245, 578.16pt x 578.16pt>
File: figure/new_symbol-1.png Graphic file (type png)

<use figure/new_symbol-1.png>
Package pdftex.def Info: figure/new_symbol-1.png used on input line 773.
(pdftex.def)             Requested size: 289.07928pt x 289.07928pt.

Overfull \vbox (1.70631pt too high) detected at line 784
 []

[24 <./figure/new_symbol-1.png>]
<figure/new_symbol-2.png, id=251, 578.16pt x 578.16pt>
File: figure/new_symbol-2.png Graphic file (type png)

<use figure/new_symbol-2.png>
Package pdftex.def Info: figure/new_symbol-2.png used on input line 785.
(pdftex.def)             Requested size: 289.07928pt x 289.07928pt.
Package color Info: Redefining color shadecolor on input line 794.

Overfull \hbox (79.9663pt too wide) in paragraph at lines 805--805
[]                      []\OT1/cmtt/m/n/12 "col"[] []= RColorBrewer[][]::[][]br
ewer.pal[][]([][]dim[][](counts_mat)[[][]1[][]],[] []name[] []=[] []"Spectral"[
][]))[][] 
 []

<figure/new_string-1.png, id=252, 578.16pt x 578.16pt>
File: figure/new_string-1.png Graphic file (type png)

<use figure/new_string-1.png>
Package pdftex.def Info: figure/new_string-1.png used on input line 813.
(pdftex.def)             Requested size: 289.07928pt x 289.07928pt.
 [25 <./figure/new_symbol-2.png>]
Package color Info: Redefining color shadecolor on input line 831.
 [26 <./figure/new_string-1.png>]
Overfull \hbox (5.86626pt too wide) in paragraph at lines 857--857
[]\OT1/cmtt/m/n/12 ## [17] munsell_0.4.3      seqLogo_1.40.0     colorspace_1.3
-2   SQUAREM_2017.10-1[] 
 []

Package atveryend Info: Empty hook `BeforeClearDocument' on input line 890.
[27]
Package atveryend Info: Empty hook `AfterLastShipout' on input line 890.
 (./logolas.aux)
Package atveryend Info: Executing hook `AtVeryEndDocument' on input line 890.
Package atveryend Info: Executing hook `AtEndAfterFileList' on input line 890.
Package rerunfilecheck Info: File `logolas.out' has not changed.
(rerunfilecheck)             Checksum: 4B9D28CC2C4956E4BAE5AC8A62BD8057;1225.


LaTeX Font Warning: Some font shapes were not available, defaults substituted.

Package atveryend Info: Empty hook `AtVeryVeryEnd' on input line 890.
 ) 
Here is how much of TeX's memory you used:
 6692 strings out of 493014
 101125 string characters out of 6133351
 205338 words of memory out of 5000000
 10087 multiletter control sequences out of 15000+600000
 13395 words of font info for 47 fonts, out of 8000000 for 9000
 1141 hyphenation exceptions out of 8191
 36i,12n,45p,885b,383s stack positions out of 5000i,500n,10000p,200000b,80000s
</usr/local/texlive/2016/texmf-dist/fonts/type1/public/amsfonts/cm/cmitt10.pf
b></usr/local/texlive/2016/texmf-dist/fonts/type1/public/amsfonts/cm/cmmi12.pfb
></usr/local/texlive/2016/texmf-dist/fonts/type1/public/amsfonts/cm/cmmi8.pfb><
/usr/local/texlive/2016/texmf-dist/fonts/type1/public/amsfonts/cm/cmr12.pfb></u
sr/local/texlive/2016/texmf-dist/fonts/type1/public/amsfonts/cm/cmr8.pfb></usr/
local/texlive/2016/texmf-dist/fonts/type1/public/amsfonts/cm/cmss10.pfb></usr/l
ocal/texlive/2016/texmf-dist/fonts/type1/public/amsfonts/cm/cmss12.pfb></usr/lo
cal/texlive/2016/texmf-dist/fonts/type1/public/amsfonts/cm/cmss17.pfb></usr/loc
al/texlive/2016/texmf-dist/fonts/type1/public/amsfonts/cm/cmss8.pfb></usr/local
/texlive/2016/texmf-dist/fonts/type1/public/amsfonts/cm/cmssbx10.pfb></usr/loca
l/texlive/2016/texmf-dist/fonts/type1/public/amsfonts/cm/cmssi10.pfb></usr/loca
l/texlive/2016/texmf-dist/fonts/type1/public/amsfonts/cm/cmssi12.pfb></usr/loca
l/texlive/2016/texmf-dist/fonts/type1/public/amsfonts/cm/cmssi17.pfb></usr/loca
l/texlive/2016/texmf-dist/fonts/type1/public/amsfonts/cm/cmsy10.pfb></usr/local
/texlive/2016/texmf-dist/fonts/type1/public/amsfonts/cm/cmsy8.pfb></usr/local/t
exlive/2016/texmf-dist/fonts/type1/public/amsfonts/cm/cmtt10.pfb></usr/local/te
xlive/2016/texmf-dist/fonts/type1/public/amsfonts/cm/cmtt12.pfb>
Output written on logolas.pdf (27 pages, 1124269 bytes).
PDF statistics:
 343 PDF objects out of 1000 (max. 8388607)
 266 compressed objects within 3 object streams
 54 named destinations out of 1000 (max. 500000)
 215 words of extra memory for PDF output out of 10000 (max. 10000000)

